<?xml version="1.0" encoding="UTF-8"?>
<testng-results ignored="0" total="0" passed="0" failed="0" skipped="0">
  <reporter-output>
  </reporter-output>
  <suite started-at="2024-08-01T23:47:32 CLT" name="com.ejemplo.AppTest" finished-at="2024-08-01T23:47:32 CLT" duration-ms="25">
    <groups>
    </groups>
    <test started-at="2024-08-01T23:47:32 CLT" name="Command line test" finished-at="2024-08-01T23:47:32 CLT" duration-ms="25">
    </test> <!-- Command line test -->
  </suite> <!-- com.ejemplo.AppTest -->
</testng-results>
